  [1m[36mSimpleEditable::InlineText Load (0.4ms)[0m  [1mSELECT "simple_editable_inline_texts".* FROM "simple_editable_inline_texts"[0m
SQLite3::SQLException: no such table: simple_editable_inline_texts: SELECT "simple_editable_inline_texts".* FROM "simple_editable_inline_texts"
  [1m[35m (119.1ms)[0m  CREATE TABLE "schema_migrations" ("version" varchar NOT NULL) 
  [1m[36m (0.2ms)[0m  [1mselect sqlite_version(*)[0m
  [1m[35m (99.4ms)[0m  CREATE UNIQUE INDEX "unique_schema_migrations" ON "schema_migrations" ("version")
  [1m[36m (0.2ms)[0m  [1mSELECT version FROM "schema_migrations"[0m
  [1m[35m (100.0ms)[0m  INSERT INTO "schema_migrations" (version) VALUES ('0')
  [1m[36mSimpleEditable::InlineText Load (0.4ms)[0m  [1mSELECT "simple_editable_inline_texts".* FROM "simple_editable_inline_texts"[0m
SQLite3::SQLException: no such table: simple_editable_inline_texts: SELECT "simple_editable_inline_texts".* FROM "simple_editable_inline_texts"
  [1m[35m (113.3ms)[0m  CREATE TABLE "schema_migrations" ("version" varchar NOT NULL) 
  [1m[36m (0.1ms)[0m  [1mselect sqlite_version(*)[0m
  [1m[35m (80.4ms)[0m  CREATE UNIQUE INDEX "unique_schema_migrations" ON "schema_migrations" ("version")
  [1m[36mActiveRecord::SchemaMigration Load (0.1ms)[0m  [1mSELECT "schema_migrations".* FROM "schema_migrations"[0m
Migrating to CreateSimpleEditableInlineTexts (20150130104824)
  [1m[35m (0.1ms)[0m  begin transaction
  [1m[36m (0.3ms)[0m  [1mCREATE TABLE "simple_editable_inline_texts" ("key" varchar, "text" text) [0m
  [1m[35m (0.2ms)[0m  CREATE UNIQUE INDEX "index_simple_editable_inline_texts_on_key" ON "simple_editable_inline_texts" ("key")
  [1m[36mSQL (0.3ms)[0m  [1mINSERT INTO "schema_migrations" ("version") VALUES (?)[0m  [["version", "20150130104824"]]
  [1m[35m (150.9ms)[0m  commit transaction
  [1m[36mActiveRecord::SchemaMigration Load (0.3ms)[0m  [1mSELECT "schema_migrations".* FROM "schema_migrations"[0m
  [1m[35m (0.2ms)[0m              SELECT sql
            FROM sqlite_master
            WHERE name='index_simple_editable_inline_texts_on_key' AND type='index'
            UNION ALL
            SELECT sql
            FROM sqlite_temp_master
            WHERE name='index_simple_editable_inline_texts_on_key' AND type='index'

  [1m[36mSimpleEditable::InlineText Load (1.0ms)[0m  [1mSELECT "simple_editable_inline_texts".* FROM "simple_editable_inline_texts"[0m
  [1m[35mSimpleEditable::InlineText Load (0.2ms)[0m  SELECT "simple_editable_inline_texts".* FROM "simple_editable_inline_texts"
  [1m[36m (89.8ms)[0m  [1mCREATE TABLE "simple_editable_inline_texts" ("key" varchar, "text" text) [0m
  [1m[35m (0.2ms)[0m  select sqlite_version(*)
  [1m[36m (75.9ms)[0m  [1mCREATE UNIQUE INDEX "index_simple_editable_inline_texts_on_key" ON "simple_editable_inline_texts" ("key")[0m
  [1m[35m (72.6ms)[0m  CREATE TABLE "schema_migrations" ("version" varchar NOT NULL) 
  [1m[36m (99.8ms)[0m  [1mCREATE UNIQUE INDEX "unique_schema_migrations" ON "schema_migrations" ("version")[0m
  [1m[35m (0.2ms)[0m  SELECT version FROM "schema_migrations"
  [1m[36m (100.0ms)[0m  [1mINSERT INTO "schema_migrations" (version) VALUES ('20150130104824')[0m
  [1m[36mSimpleEditable::InlineText Load (1.1ms)[0m  [1mSELECT "simple_editable_inline_texts".* FROM "simple_editable_inline_texts"[0m
  [1m[35mSimpleEditable::InlineText Load (0.2ms)[0m  SELECT "simple_editable_inline_texts".* FROM "simple_editable_inline_texts"
  [1m[36m (155.2ms)[0m  [1mCREATE TABLE "simple_editable_inline_texts" ("key" varchar, "text" text) [0m
  [1m[35m (0.1ms)[0m  select sqlite_version(*)
  [1m[36m (99.8ms)[0m  [1mCREATE UNIQUE INDEX "index_simple_editable_inline_texts_on_key" ON "simple_editable_inline_texts" ("key")[0m
  [1m[35m (107.0ms)[0m  CREATE TABLE "schema_migrations" ("version" varchar NOT NULL) 
  [1m[36m (124.9ms)[0m  [1mCREATE UNIQUE INDEX "unique_schema_migrations" ON "schema_migrations" ("version")[0m
  [1m[35m (0.2ms)[0m  SELECT version FROM "schema_migrations"
  [1m[36m (108.1ms)[0m  [1mINSERT INTO "schema_migrations" (version) VALUES ('20150130104824')[0m
  [1m[36mSimpleEditable::InlineText Load (1.0ms)[0m  [1mSELECT "simple_editable_inline_texts".* FROM "simple_editable_inline_texts"[0m
  [1m[35mSimpleEditable::InlineText Load (0.2ms)[0m  SELECT "simple_editable_inline_texts".* FROM "simple_editable_inline_texts"
  [1m[36m (168.1ms)[0m  [1mCREATE TABLE "simple_editable_inline_texts" ("key" varchar, "text" text) [0m
  [1m[35m (0.2ms)[0m  select sqlite_version(*)
  [1m[36m (124.3ms)[0m  [1mCREATE UNIQUE INDEX "index_simple_editable_inline_texts_on_key" ON "simple_editable_inline_texts" ("key")[0m
  [1m[35m (97.5ms)[0m  CREATE TABLE "schema_migrations" ("version" varchar NOT NULL) 
  [1m[36m (116.6ms)[0m  [1mCREATE UNIQUE INDEX "unique_schema_migrations" ON "schema_migrations" ("version")[0m
  [1m[35m (0.2ms)[0m  SELECT version FROM "schema_migrations"
  [1m[36m (108.3ms)[0m  [1mINSERT INTO "schema_migrations" (version) VALUES ('20150130104824')[0m
  [1m[36mSimpleEditable::InlineText Load (1.0ms)[0m  [1mSELECT "simple_editable_inline_texts".* FROM "simple_editable_inline_texts"[0m
  [1m[35mSimpleEditable::InlineText Load (0.1ms)[0m  SELECT "simple_editable_inline_texts".* FROM "simple_editable_inline_texts"
  [1m[36mSimpleEditable::InlineText Load (1.0ms)[0m  [1mSELECT "simple_editable_inline_texts".* FROM "simple_editable_inline_texts"[0m
  [1m[35mSimpleEditable::InlineText Load (0.2ms)[0m  SELECT "simple_editable_inline_texts".* FROM "simple_editable_inline_texts"
  [1m[36mSimpleEditable::InlineText Load (1.0ms)[0m  [1mSELECT "simple_editable_inline_texts".* FROM "simple_editable_inline_texts"[0m
  [1m[35mSimpleEditable::InlineText Load (0.2ms)[0m  SELECT "simple_editable_inline_texts".* FROM "simple_editable_inline_texts"
  [1m[36mSimpleEditable::InlineText Load (1.0ms)[0m  [1mSELECT "simple_editable_inline_texts".* FROM "simple_editable_inline_texts"[0m
  [1m[35mSimpleEditable::InlineText Load (0.2ms)[0m  SELECT "simple_editable_inline_texts".* FROM "simple_editable_inline_texts"
  [1m[36mSimpleEditable::InlineText Load (1.1ms)[0m  [1mSELECT "simple_editable_inline_texts".* FROM "simple_editable_inline_texts"[0m
  [1m[35mSimpleEditable::InlineText Load (0.2ms)[0m  SELECT "simple_editable_inline_texts".* FROM "simple_editable_inline_texts"
  [1m[36mSimpleEditable::InlineText Load (1.3ms)[0m  [1mSELECT "simple_editable_inline_texts".* FROM "simple_editable_inline_texts"[0m
  [1m[35mSimpleEditable::InlineText Load (0.2ms)[0m  SELECT "simple_editable_inline_texts".* FROM "simple_editable_inline_texts"
